<!DOCTYPE html PUBLIC "-//W3C//DTD XHTML 1.1//EN" "http://www.w3.org/TR/xhtml11/DTD/xhtml11.dtd">
<html xmlns="http://www.w3.org/1999/xhtml"><head><title>TestNG Report</title><style type="text/css">table {margin-bottom:10px;border-collapse:collapse;empty-cells:show}th,td {border:1px solid #009;padding:.25em .5em}th {vertical-align:bottom}td {vertical-align:top}table a {font-weight:bold}.stripe td {background-color: #E6EBF9}.num {text-align:right}.passedodd td {background-color: #3F3}.passedeven td {background-color: #0A0}.skippedodd td {background-color: #DDD}.skippedeven td {background-color: #CCC}.failedodd td,.attn {background-color: #F33}.failedeven td,.stripe .attn {background-color: #D00}.stacktrace {white-space:pre;font-family:monospace}.totop {font-size:85%;text-align:center;border-bottom:2px solid #000}</style></head><body><table><tr><th>Test</th><th># Passed</th><th># Skipped</th><th># Failed</th><th>Time (ms)</th><th>Included Groups</th><th>Excluded Groups</th></tr><tr><th colspan="7">Default suite</th></tr><tr><td><a href="#t0">Default test</a></td><td class="num">4</td><td class="num">0</td><td class="num attn">1</td><td class="num">775,322</td><td></td><td></td></tr></table><table id='summary'><thead><tr><th>Class</th><th>Method</th><th>Start</th><th>Time (ms)</th></tr></thead><tbody><tr><th colspan="4">Default suite</th></tr></tbody><tbody id="t0"><tr><th colspan="4">Default test &#8212; failed</th></tr><tr class="failedeven"><td rowspan="1">Framework.TestingFramework.test.RequisitionTest</td><td><a href="#m0">Copy_Requisition</a></td><td rowspan="1">1541499467240</td><td rowspan="1">83513</td></tr><tr><th colspan="4">Default test &#8212; passed</th></tr><tr class="passedeven"><td rowspan="4">Framework.TestingFramework.test.RequisitionTest</td><td><a href="#m1">Assign_OpenForRefferal_Requisition</a></td><td rowspan="1">1541499108300</td><td rowspan="1">162096</td></tr><tr class="passedeven"><td><a href="#m2">Create_Approve_Reject_Requisition</a></td><td rowspan="1">1541498801905</td><td rowspan="1">306382</td></tr><tr class="passedeven"><td><a href="#m3">Delete_Requisition</a></td><td rowspan="1">1541499270398</td><td rowspan="1">103667</td></tr><tr class="passedeven"><td><a href="#m4">TagCandidate_Requisition</a></td><td rowspan="1">1541499374068</td><td rowspan="1">93168</td></tr></tbody></table><h2>Default test</h2><h3 id="m0">Framework.TestingFramework.test.RequisitionTest#Copy_Requisition</h3><table class="result"><tr><th>Exception</th></tr><tr><td><div class="stacktrace">org.openqa.selenium.TimeoutException: Expected condition failed: waiting for visibility of Proxy element for: DefaultElementLocator &apos;By.all({By.xpath: //span[@class=&apos;md-toast-text ng-binding flex&apos;]})&apos; (tried for 30 second(s) with 500 milliseconds interval)
	at org.openqa.selenium.support.ui.WebDriverWait.timeoutException(WebDriverWait.java:81)
	at org.openqa.selenium.support.ui.FluentWait.until(FluentWait.java:271)
	at Framework.TestingFramework.utils.WaitUtil.explicitWaitByVisibilityOfElement(WaitUtil.java:21)
	at Framework.TestingFramework.methods.CommonMethods.getToastMsg(CommonMethods.java:297)
	at Framework.TestingFramework.methods.RequisitionHome.doTableAction(RequisitionHome.java:357)
	at Framework.TestingFramework.methods.RequisitionHome.actionOnRequisition(RequisitionHome.java:261)
	at Framework.TestingFramework.test.RequisitionTest.Copy_Requisition(RequisitionTest.java:71)
	at sun.reflect.NativeMethodAccessorImpl.invoke0(Native Method)
	at sun.reflect.NativeMethodAccessorImpl.invoke(NativeMethodAccessorImpl.java:62)
	at sun.reflect.DelegatingMethodAccessorImpl.invoke(DelegatingMethodAccessorImpl.java:43)
	at java.lang.reflect.Method.invoke(Method.java:498)
	at org.testng.internal.MethodInvocationHelper.invokeMethod(MethodInvocationHelper.java:108)
	at org.testng.internal.Invoker.invokeMethod(Invoker.java:661)
	at org.testng.internal.Invoker.invokeTestMethod(Invoker.java:869)
	at org.testng.internal.Invoker.invokeTestMethods(Invoker.java:1193)
	at org.testng.internal.TestMethodWorker.invokeTestMethods(TestMethodWorker.java:126)
	at org.testng.internal.TestMethodWorker.run(TestMethodWorker.java:109)
	at org.testng.TestRunner.privateRun(TestRunner.java:744)
	at org.testng.TestRunner.run(TestRunner.java:602)
	at org.testng.SuiteRunner.runTest(SuiteRunner.java:380)
	at org.testng.SuiteRunner.runSequentially(SuiteRunner.java:375)
	at org.testng.SuiteRunner.privateRun(SuiteRunner.java:340)
	at org.testng.SuiteRunner.run(SuiteRunner.java:289)
	at org.testng.SuiteRunnerWorker.runSuite(SuiteRunnerWorker.java:52)
	at org.testng.SuiteRunnerWorker.run(SuiteRunnerWorker.java:86)
	at org.testng.TestNG.runSuitesSequentially(TestNG.java:1301)
	at org.testng.TestNG.runSuitesLocally(TestNG.java:1226)
	at org.testng.TestNG.runSuites(TestNG.java:1144)
	at org.testng.TestNG.run(TestNG.java:1115)
	at org.testng.remote.AbstractRemoteTestNG.run(AbstractRemoteTestNG.java:114)
	at org.testng.remote.RemoteTestNG.initAndRun(RemoteTestNG.java:251)
	at org.testng.remote.RemoteTestNG.main(RemoteTestNG.java:77)
Caused by: org.openqa.selenium.NoSuchElementException: Cannot locate an element using By.all({By.xpath: //span[@class=&apos;md-toast-text ng-binding flex&apos;]})
For documentation on this error, please visit: http://seleniumhq.org/exceptions/no_such_element.html
Build info: version: &apos;3.12.0&apos;, revision: &apos;7c6e0b3&apos;, time: &apos;2018-05-08T14:04:26.12Z&apos;
System info: host: &apos;psslass11153-System-Product-Name&apos;, ip: &apos;127.0.1.1&apos;, os.name: &apos;Linux&apos;, os.arch: &apos;amd64&apos;, os.version: &apos;3.13.0-141-generic&apos;, java.version: &apos;1.8.0_161&apos;
Driver info: driver.version: RemoteWebDriver
	at org.openqa.selenium.support.pagefactory.ByAll.findElement(ByAll.java:58)
	at org.openqa.selenium.remote.RemoteWebDriver.findElement(RemoteWebDriver.java:309)
	at org.openqa.selenium.support.pagefactory.DefaultElementLocator.findElement(DefaultElementLocator.java:69)
	at org.openqa.selenium.support.pagefactory.internal.LocatingElementHandler.invoke(LocatingElementHandler.java:38)
	at com.sun.proxy.$Proxy15.isDisplayed(Unknown Source)
	at org.openqa.selenium.support.ui.ExpectedConditions.elementIfVisible(ExpectedConditions.java:315)
	at org.openqa.selenium.support.ui.ExpectedConditions.access$100(ExpectedConditions.java:44)
	at org.openqa.selenium.support.ui.ExpectedConditions$10.apply(ExpectedConditions.java:301)
	at org.openqa.selenium.support.ui.ExpectedConditions$10.apply(ExpectedConditions.java:298)
	at org.openqa.selenium.support.ui.FluentWait.until(FluentWait.java:248)
	... 30 more
</div></td></tr></table><p class="totop"><a href="#summary">back to summary</a></p><h3 id="m1">Framework.TestingFramework.test.RequisitionTest#Assign_OpenForRefferal_Requisition</h3><table class="result"></table><p class="totop"><a href="#summary">back to summary</a></p><h3 id="m2">Framework.TestingFramework.test.RequisitionTest#Create_Approve_Reject_Requisition</h3><table class="result"></table><p class="totop"><a href="#summary">back to summary</a></p><h3 id="m3">Framework.TestingFramework.test.RequisitionTest#Delete_Requisition</h3><table class="result"></table><p class="totop"><a href="#summary">back to summary</a></p><h3 id="m4">Framework.TestingFramework.test.RequisitionTest#TagCandidate_Requisition</h3><table class="result"></table><p class="totop"><a href="#summary">back to summary</a></p></body></html>